<?xml version="1.0" encoding="UTF-8"?>
<!-- Generated by org.testng.reporters.JUnitXMLReporter -->
<testsuite hostname="MCGL-20004347" ignored="0" name="Default test" tests="3" failures="0" timestamp="2020-10-18T11:56:39 IST" time="6.027" errors="0">
  <testcase name="createUserAutomation" time="5.821" classname="com.example.demo.RestAssuredApplicationTests"/>
  <testcase name="getUserByIdAutomation" time="0.072" classname="com.example.demo.RestAssuredApplicationTests"/>
  <testcase name="getUsersAutomation" time="0.052" classname="com.example.demo.RestAssuredApplicationTests"/>
</testsuite> <!-- Default test -->
