<?xml version="1.0" encoding="UTF-8"?>
<!-- Generated by org.testng.reporters.JUnitXMLReporter -->
<testsuite hostname="MCGL-20004347" ignored="0" name="Default test" tests="3" failures="0" timestamp="2020-10-15T11:31:42 IST" time="3.034" errors="0">
  <testcase name="createUserAutomation" time="2.904" classname="com.example.demo.RestAssuredApplicationTests"/>
  <testcase name="getUserByIdAutomation" time="0.068" classname="com.example.demo.RestAssuredApplicationTests"/>
  <testcase name="getUsersAutomation" time="0.027" classname="com.example.demo.RestAssuredApplicationTests"/>
</testsuite> <!-- Default test -->
